{"C:\\Users\\Eugene\\PycharmProjects\\pizza_app\\scripts\\actions.js": {"path":"C:\\Users\\Eugene\\PycharmProjects\\pizza_app\\scripts\\actions.js","statementMap":{"0":{"start":{"line":5,"column":4},"end":{"line":5,"column":22}},"1":{"start":{"line":6,"column":4},"end":{"line":6,"column":20}},"2":{"start":{"line":7,"column":4},"end":{"line":7,"column":26}},"3":{"start":{"line":9,"column":4},"end":{"line":9,"column":18}},"4":{"start":{"line":10,"column":4},"end":{"line":10,"column":36}},"5":{"start":{"line":14,"column":16},"end":{"line":14,"column":34}},"6":{"start":{"line":15,"column":19},"end":{"line":15,"column":48}},"7":{"start":{"line":16,"column":4},"end":{"line":16,"column":232}},"8":{"start":{"line":17,"column":4},"end":{"line":17,"column":32}},"9":{"start":{"line":19,"column":4},"end":{"line":19,"column":18}},"10":{"start":{"line":23,"column":4},"end":{"line":33,"column":9}},"11":{"start":{"line":39,"column":4},"end":{"line":39,"column":16}},"12":{"start":{"line":40,"column":4},"end":{"line":40,"column":66}},"13":{"start":{"line":40,"column":38},"end":{"line":40,"column":65}},"14":{"start":{"line":41,"column":4},"end":{"line":41,"column":22}},"15":{"start":{"line":45,"column":4},"end":{"line":45,"column":26}},"16":{"start":{"line":46,"column":4},"end":{"line":48,"column":6}},"17":{"start":{"line":47,"column":6},"end":{"line":47,"column":40}},"18":{"start":{"line":52,"column":4},"end":{"line":52,"column":31}},"19":{"start":{"line":56,"column":16},"end":{"line":56,"column":97}}},"fnMap":{"0":{"name":"(anonymous_0)","decl":{"start":{"line":4,"column":2},"end":{"line":4,"column":3}},"loc":{"start":{"line":4,"column":55},"end":{"line":11,"column":3}},"line":4},"1":{"name":"(anonymous_1)","decl":{"start":{"line":13,"column":2},"end":{"line":13,"column":3}},"loc":{"start":{"line":13,"column":16},"end":{"line":20,"column":3}},"line":13},"2":{"name":"(anonymous_2)","decl":{"start":{"line":22,"column":2},"end":{"line":22,"column":3}},"loc":{"start":{"line":22,"column":17},"end":{"line":34,"column":3}},"line":22},"3":{"name":"(anonymous_3)","decl":{"start":{"line":38,"column":2},"end":{"line":38,"column":3}},"loc":{"start":{"line":38,"column":33},"end":{"line":42,"column":3}},"line":38},"4":{"name":"(anonymous_4)","decl":{"start":{"line":40,"column":30},"end":{"line":40,"column":31}},"loc":{"start":{"line":40,"column":38},"end":{"line":40,"column":65}},"line":40},"5":{"name":"(anonymous_5)","decl":{"start":{"line":44,"column":2},"end":{"line":44,"column":3}},"loc":{"start":{"line":44,"column":17},"end":{"line":49,"column":3}},"line":44},"6":{"name":"(anonymous_6)","decl":{"start":{"line":46,"column":23},"end":{"line":46,"column":24}},"loc":{"start":{"line":46,"column":31},"end":{"line":48,"column":5}},"line":46},"7":{"name":"(anonymous_7)","decl":{"start":{"line":51,"column":2},"end":{"line":51,"column":3}},"loc":{"start":{"line":51,"column":22},"end":{"line":53,"column":3}},"line":51}},"branchMap":{},"s":{"0":1,"1":1,"2":1,"3":1,"4":1,"5":1,"6":1,"7":1,"8":1,"9":1,"10":1,"11":1,"12":1,"13":1,"14":1,"15":1,"16":1,"17":1,"18":1,"19":2},"f":{"0":1,"1":1,"2":1,"3":1,"4":1,"5":1,"6":1,"7":1},"b":{},"_coverageSchema":"1a1c01bbd47fc00a2c39e90264f33305004495a9","hash":"1ba37fa67e910134e823015abc20ee564f6e57eb"}
,"C:\\Users\\Eugene\\PycharmProjects\\pizza_app\\scripts\\app.js": {"path":"C:\\Users\\Eugene\\PycharmProjects\\pizza_app\\scripts\\app.js","statementMap":{"0":{"start":{"line":21,"column":0},"end":{"line":33,"column":1}},"1":{"start":{"line":22,"column":2},"end":{"line":32,"column":3}},"2":{"start":{"line":23,"column":4},"end":{"line":29,"column":5}},"3":{"start":{"line":24,"column":6},"end":{"line":24,"column":73}},"4":{"start":{"line":25,"column":6},"end":{"line":25,"column":68}},"5":{"start":{"line":27,"column":6},"end":{"line":27,"column":62}},"6":{"start":{"line":28,"column":6},"end":{"line":28,"column":74}},"7":{"start":{"line":35,"column":13},"end":{"line":35,"column":53}},"8":{"start":{"line":36,"column":0},"end":{"line":38,"column":1}},"9":{"start":{"line":37,"column":2},"end":{"line":37,"column":55}},"10":{"start":{"line":40,"column":18},"end":{"line":40,"column":54}},"11":{"start":{"line":41,"column":19},"end":{"line":41,"column":74}},"12":{"start":{"line":42,"column":17},"end":{"line":42,"column":80}},"13":{"start":{"line":44,"column":0},"end":{"line":50,"column":1}},"14":{"start":{"line":45,"column":2},"end":{"line":49,"column":4}},"15":{"start":{"line":46,"column":4},"end":{"line":46,"column":18}},"16":{"start":{"line":47,"column":4},"end":{"line":47,"column":40}},"17":{"start":{"line":48,"column":4},"end":{"line":48,"column":41}},"18":{"start":{"line":52,"column":0},"end":{"line":59,"column":1}},"19":{"start":{"line":53,"column":2},"end":{"line":58,"column":4}},"20":{"start":{"line":54,"column":4},"end":{"line":57,"column":6}},"21":{"start":{"line":55,"column":6},"end":{"line":55,"column":42}},"22":{"start":{"line":56,"column":6},"end":{"line":56,"column":43}},"23":{"start":{"line":62,"column":4},"end":{"line":69,"column":5}},"24":{"start":{"line":73,"column":4},"end":{"line":124,"column":128}},"25":{"start":{"line":128,"column":4},"end":{"line":156,"column":5}},"26":{"start":{"line":160,"column":4},"end":{"line":167,"column":5}},"27":{"start":{"line":171,"column":4},"end":{"line":195,"column":5}},"28":{"start":{"line":199,"column":4},"end":{"line":211,"column":5}},"29":{"start":{"line":215,"column":4},"end":{"line":264,"column":5}},"30":{"start":{"line":268,"column":4},"end":{"line":286,"column":5}},"31":{"start":{"line":290,"column":12},"end":{"line":290,"column":26}},"32":{"start":{"line":291,"column":14},"end":{"line":291,"column":37}},"33":{"start":{"line":292,"column":12},"end":{"line":292,"column":28}},"34":{"start":{"line":293,"column":15},"end":{"line":293,"column":30}},"35":{"start":{"line":295,"column":2},"end":{"line":295,"column":47}},"36":{"start":{"line":295,"column":26},"end":{"line":295,"column":45}},"37":{"start":{"line":296,"column":2},"end":{"line":296,"column":41}},"38":{"start":{"line":296,"column":24},"end":{"line":296,"column":39}},"39":{"start":{"line":298,"column":2},"end":{"line":298,"column":37}},"40":{"start":{"line":302,"column":18},"end":{"line":302,"column":19}},"41":{"start":{"line":303,"column":2},"end":{"line":308,"column":3}},"42":{"start":{"line":304,"column":14},"end":{"line":304,"column":31}},"43":{"start":{"line":305,"column":15},"end":{"line":305,"column":72}},"44":{"start":{"line":305,"column":43},"end":{"line":305,"column":66}},"45":{"start":{"line":306,"column":18},"end":{"line":306,"column":38}},"46":{"start":{"line":307,"column":4},"end":{"line":307,"column":49}},"47":{"start":{"line":309,"column":2},"end":{"line":309,"column":42}},"48":{"start":{"line":310,"column":2},"end":{"line":310,"column":18}},"49":{"start":{"line":313,"column":14},"end":{"line":313,"column":15}},"50":{"start":{"line":315,"column":0},"end":{"line":326,"column":8}},"51":{"start":{"line":316,"column":2},"end":{"line":320,"column":3}},"52":{"start":{"line":317,"column":4},"end":{"line":317,"column":61}},"53":{"start":{"line":319,"column":4},"end":{"line":319,"column":10}},"54":{"start":{"line":322,"column":2},"end":{"line":322,"column":11}},"55":{"start":{"line":323,"column":2},"end":{"line":325,"column":3}},"56":{"start":{"line":324,"column":4},"end":{"line":324,"column":15}},"57":{"start":{"line":328,"column":0},"end":{"line":328,"column":19}},"58":{"start":{"line":330,"column":17},"end":{"line":330,"column":58}},"59":{"start":{"line":333,"column":2},"end":{"line":335,"column":3}},"60":{"start":{"line":334,"column":4},"end":{"line":334,"column":36}},"61":{"start":{"line":337,"column":2},"end":{"line":340,"column":4}},"62":{"start":{"line":342,"column":2},"end":{"line":345,"column":4}},"63":{"start":{"line":347,"column":0},"end":{"line":347,"column":12}},"64":{"start":{"line":349,"column":27},"end":{"line":349,"column":55}},"65":{"start":{"line":349,"column":45},"end":{"line":349,"column":54}},"66":{"start":{"line":350,"column":24},"end":{"line":350,"column":67}},"67":{"start":{"line":350,"column":42},"end":{"line":350,"column":66}},"68":{"start":{"line":353,"column":15},"end":{"line":353,"column":49}},"69":{"start":{"line":354,"column":19},"end":{"line":354,"column":67}},"70":{"start":{"line":355,"column":17},"end":{"line":355,"column":45}},"71":{"start":{"line":356,"column":2},"end":{"line":356,"column":49}},"72":{"start":{"line":357,"column":21},"end":{"line":357,"column":68}},"73":{"start":{"line":358,"column":2},"end":{"line":360,"column":3}},"74":{"start":{"line":359,"column":4},"end":{"line":359,"column":47}},"75":{"start":{"line":362,"column":2},"end":{"line":528,"column":3}},"76":{"start":{"line":363,"column":4},"end":{"line":363,"column":39}},"77":{"start":{"line":364,"column":4},"end":{"line":367,"column":6}},"78":{"start":{"line":368,"column":9},"end":{"line":528,"column":3}},"79":{"start":{"line":369,"column":4},"end":{"line":369,"column":40}},"80":{"start":{"line":371,"column":4},"end":{"line":374,"column":6}},"81":{"start":{"line":376,"column":4},"end":{"line":379,"column":6}},"82":{"start":{"line":381,"column":4},"end":{"line":384,"column":6}},"83":{"start":{"line":386,"column":4},"end":{"line":389,"column":6}},"84":{"start":{"line":390,"column":9},"end":{"line":528,"column":3}},"85":{"start":{"line":391,"column":17},"end":{"line":391,"column":79}},"86":{"start":{"line":391,"column":45},"end":{"line":391,"column":73}},"87":{"start":{"line":392,"column":19},"end":{"line":392,"column":201}},"88":{"start":{"line":393,"column":4},"end":{"line":393,"column":31}},"89":{"start":{"line":396,"column":22},"end":{"line":396,"column":60}},"90":{"start":{"line":397,"column":4},"end":{"line":410,"column":5}},"91":{"start":{"line":398,"column":21},"end":{"line":398,"column":49}},"92":{"start":{"line":399,"column":6},"end":{"line":399,"column":53}},"93":{"start":{"line":401,"column":16},"end":{"line":401,"column":47}},"94":{"start":{"line":402,"column":6},"end":{"line":406,"column":7}},"95":{"start":{"line":403,"column":8},"end":{"line":403,"column":24}},"96":{"start":{"line":405,"column":8},"end":{"line":405,"column":23}},"97":{"start":{"line":408,"column":6},"end":{"line":408,"column":60}},"98":{"start":{"line":409,"column":6},"end":{"line":409,"column":86}},"99":{"start":{"line":411,"column":9},"end":{"line":528,"column":3}},"100":{"start":{"line":412,"column":16},"end":{"line":412,"column":34}},"101":{"start":{"line":413,"column":19},"end":{"line":413,"column":60}},"102":{"start":{"line":414,"column":21},"end":{"line":414,"column":80}},"103":{"start":{"line":414,"column":49},"end":{"line":414,"column":77}},"104":{"start":{"line":415,"column":4},"end":{"line":415,"column":31}},"105":{"start":{"line":417,"column":4},"end":{"line":420,"column":6}},"106":{"start":{"line":421,"column":9},"end":{"line":528,"column":3}},"107":{"start":{"line":422,"column":4},"end":{"line":443,"column":5}},"108":{"start":{"line":423,"column":6},"end":{"line":423,"column":42}},"109":{"start":{"line":424,"column":6},"end":{"line":424,"column":93}},"110":{"start":{"line":425,"column":6},"end":{"line":425,"column":45}},"111":{"start":{"line":426,"column":6},"end":{"line":426,"column":53}},"112":{"start":{"line":427,"column":16},"end":{"line":427,"column":36}},"113":{"start":{"line":429,"column":24},"end":{"line":429,"column":47}},"114":{"start":{"line":430,"column":6},"end":{"line":430,"column":117}},"115":{"start":{"line":431,"column":6},"end":{"line":440,"column":7}},"116":{"start":{"line":432,"column":8},"end":{"line":439,"column":9}},"117":{"start":{"line":444,"column":22},"end":{"line":444,"column":24}},"118":{"start":{"line":445,"column":4},"end":{"line":454,"column":5}},"119":{"start":{"line":446,"column":16},"end":{"line":446,"column":33}},"120":{"start":{"line":447,"column":23},"end":{"line":447,"column":57}},"121":{"start":{"line":448,"column":17},"end":{"line":448,"column":19}},"122":{"start":{"line":449,"column":17},"end":{"line":449,"column":74}},"123":{"start":{"line":449,"column":45},"end":{"line":449,"column":68}},"124":{"start":{"line":450,"column":6},"end":{"line":450,"column":27}},"125":{"start":{"line":451,"column":6},"end":{"line":451,"column":28}},"126":{"start":{"line":452,"column":6},"end":{"line":452,"column":32}},"127":{"start":{"line":453,"column":6},"end":{"line":453,"column":24}},"128":{"start":{"line":455,"column":4},"end":{"line":458,"column":6}},"129":{"start":{"line":459,"column":9},"end":{"line":528,"column":3}},"130":{"start":{"line":460,"column":18},"end":{"line":460,"column":40}},"131":{"start":{"line":461,"column":16},"end":{"line":461,"column":26}},"132":{"start":{"line":462,"column":4},"end":{"line":462,"column":38}},"133":{"start":{"line":463,"column":4},"end":{"line":463,"column":29}},"134":{"start":{"line":464,"column":4},"end":{"line":464,"column":97}},"135":{"start":{"line":465,"column":22},"end":{"line":465,"column":62}},"136":{"start":{"line":466,"column":4},"end":{"line":514,"column":13}},"137":{"start":{"line":467,"column":6},"end":{"line":467,"column":28}},"138":{"start":{"line":468,"column":20},"end":{"line":468,"column":62}},"139":{"start":{"line":469,"column":20},"end":{"line":469,"column":61}},"140":{"start":{"line":470,"column":20},"end":{"line":470,"column":58}},"141":{"start":{"line":471,"column":20},"end":{"line":471,"column":58}},"142":{"start":{"line":472,"column":20},"end":{"line":472,"column":65}},"143":{"start":{"line":473,"column":22},"end":{"line":473,"column":62}},"144":{"start":{"line":474,"column":20},"end":{"line":474,"column":64}},"145":{"start":{"line":475,"column":6},"end":{"line":477,"column":7}},"146":{"start":{"line":476,"column":8},"end":{"line":476,"column":14}},"147":{"start":{"line":478,"column":23},"end":{"line":487,"column":7}},"148":{"start":{"line":489,"column":6},"end":{"line":513,"column":10}},"149":{"start":{"line":496,"column":26},"end":{"line":496,"column":41}},"150":{"start":{"line":498,"column":26},"end":{"line":498,"column":33}},"151":{"start":{"line":499,"column":10},"end":{"line":499,"column":69}},"152":{"start":{"line":500,"column":31},"end":{"line":500,"column":133}},"153":{"start":{"line":501,"column":28},"end":{"line":501,"column":51}},"154":{"start":{"line":502,"column":25},"end":{"line":510,"column":44}},"155":{"start":{"line":511,"column":10},"end":{"line":511,"column":37}},"156":{"start":{"line":512,"column":10},"end":{"line":512,"column":58}},"157":{"start":{"line":516,"column":4},"end":{"line":516,"column":23}},"158":{"start":{"line":517,"column":4},"end":{"line":517,"column":36}},"159":{"start":{"line":519,"column":4},"end":{"line":522,"column":6}},"160":{"start":{"line":524,"column":4},"end":{"line":527,"column":6}},"161":{"start":{"line":531,"column":0},"end":{"line":533,"column":9}},"162":{"start":{"line":532,"column":2},"end":{"line":532,"column":14}},"163":{"start":{"line":535,"column":0},"end":{"line":540,"column":2}},"164":{"start":{"line":536,"column":17},"end":{"line":536,"column":45}},"165":{"start":{"line":537,"column":2},"end":{"line":537,"column":49}},"166":{"start":{"line":539,"column":2},"end":{"line":539,"column":82}}},"fnMap":{"0":{"name":"(anonymous_0)","decl":{"start":{"line":21,"column":30},"end":{"line":21,"column":31}},"loc":{"start":{"line":21,"column":42},"end":{"line":33,"column":1}},"line":21},"1":{"name":"(anonymous_1)","decl":{"start":{"line":45,"column":38},"end":{"line":45,"column":39}},"loc":{"start":{"line":45,"column":44},"end":{"line":49,"column":3}},"line":45},"2":{"name":"(anonymous_2)","decl":{"start":{"line":53,"column":19},"end":{"line":53,"column":20}},"loc":{"start":{"line":53,"column":29},"end":{"line":58,"column":3}},"line":53},"3":{"name":"(anonymous_3)","decl":{"start":{"line":54,"column":35},"end":{"line":54,"column":36}},"loc":{"start":{"line":54,"column":41},"end":{"line":57,"column":5}},"line":54},"4":{"name":"formatDate","decl":{"start":{"line":289,"column":9},"end":{"line":289,"column":19}},"loc":{"start":{"line":289,"column":27},"end":{"line":299,"column":1}},"line":289},"5":{"name":"calcTotalCost","decl":{"start":{"line":301,"column":9},"end":{"line":301,"column":22}},"loc":{"start":{"line":301,"column":34},"end":{"line":311,"column":1}},"line":301},"6":{"name":"(anonymous_6)","decl":{"start":{"line":305,"column":31},"end":{"line":305,"column":32}},"loc":{"start":{"line":305,"column":41},"end":{"line":305,"column":68}},"line":305},"7":{"name":"(anonymous_7)","decl":{"start":{"line":315,"column":12},"end":{"line":315,"column":13}},"loc":{"start":{"line":315,"column":24},"end":{"line":326,"column":1}},"line":315},"8":{"name":"renderHome","decl":{"start":{"line":332,"column":9},"end":{"line":332,"column":19}},"loc":{"start":{"line":332,"column":23},"end":{"line":346,"column":1}},"line":332},"9":{"name":"(anonymous_9)","decl":{"start":{"line":349,"column":40},"end":{"line":349,"column":41}},"loc":{"start":{"line":349,"column":45},"end":{"line":349,"column":54}},"line":349},"10":{"name":"(anonymous_10)","decl":{"start":{"line":350,"column":37},"end":{"line":350,"column":38}},"loc":{"start":{"line":350,"column":42},"end":{"line":350,"column":66}},"line":350},"11":{"name":"hashChange","decl":{"start":{"line":352,"column":9},"end":{"line":352,"column":19}},"loc":{"start":{"line":352,"column":23},"end":{"line":529,"column":1}},"line":352},"12":{"name":"(anonymous_12)","decl":{"start":{"line":391,"column":33},"end":{"line":391,"column":34}},"loc":{"start":{"line":391,"column":43},"end":{"line":391,"column":75}},"line":391},"13":{"name":"(anonymous_13)","decl":{"start":{"line":397,"column":24},"end":{"line":397,"column":25}},"loc":{"start":{"line":397,"column":30},"end":{"line":410,"column":5}},"line":397},"14":{"name":"(anonymous_14)","decl":{"start":{"line":414,"column":37},"end":{"line":414,"column":38}},"loc":{"start":{"line":414,"column":47},"end":{"line":414,"column":79}},"line":414},"15":{"name":"(anonymous_15)","decl":{"start":{"line":449,"column":33},"end":{"line":449,"column":34}},"loc":{"start":{"line":449,"column":43},"end":{"line":449,"column":70}},"line":449},"16":{"name":"(anonymous_16)","decl":{"start":{"line":466,"column":41},"end":{"line":466,"column":42}},"loc":{"start":{"line":466,"column":58},"end":{"line":514,"column":5}},"line":466},"17":{"name":"(anonymous_17)","decl":{"start":{"line":496,"column":14},"end":{"line":496,"column":15}},"loc":{"start":{"line":496,"column":26},"end":{"line":496,"column":41}},"line":496},"18":{"name":"(anonymous_18)","decl":{"start":{"line":497,"column":14},"end":{"line":497,"column":15}},"loc":{"start":{"line":497,"column":22},"end":{"line":513,"column":9}},"line":497},"19":{"name":"(anonymous_19)","decl":{"start":{"line":531,"column":38},"end":{"line":531,"column":39}},"loc":{"start":{"line":531,"column":50},"end":{"line":533,"column":1}},"line":531},"20":{"name":"(anonymous_20)","decl":{"start":{"line":535,"column":32},"end":{"line":535,"column":33}},"loc":{"start":{"line":535,"column":44},"end":{"line":540,"column":1}},"line":535}},"branchMap":{"0":{"loc":{"start":{"line":23,"column":4},"end":{"line":29,"column":5}},"type":"if","locations":[{"start":{"line":23,"column":4},"end":{"line":29,"column":5}},{"start":{"line":23,"column":4},"end":{"line":29,"column":5}}],"line":23},"1":{"loc":{"start":{"line":36,"column":0},"end":{"line":38,"column":1}},"type":"if","locations":[{"start":{"line":36,"column":0},"end":{"line":38,"column":1}},{"start":{"line":36,"column":0},"end":{"line":38,"column":1}}],"line":36},"2":{"loc":{"start":{"line":44,"column":0},"end":{"line":50,"column":1}},"type":"if","locations":[{"start":{"line":44,"column":0},"end":{"line":50,"column":1}},{"start":{"line":44,"column":0},"end":{"line":50,"column":1}}],"line":44},"3":{"loc":{"start":{"line":52,"column":0},"end":{"line":59,"column":1}},"type":"if","locations":[{"start":{"line":52,"column":0},"end":{"line":59,"column":1}},{"start":{"line":52,"column":0},"end":{"line":59,"column":1}}],"line":52},"4":{"loc":{"start":{"line":295,"column":2},"end":{"line":295,"column":47}},"type":"if","locations":[{"start":{"line":295,"column":2},"end":{"line":295,"column":47}},{"start":{"line":295,"column":2},"end":{"line":295,"column":47}}],"line":295},"5":{"loc":{"start":{"line":296,"column":2},"end":{"line":296,"column":41}},"type":"if","locations":[{"start":{"line":296,"column":2},"end":{"line":296,"column":41}},{"start":{"line":296,"column":2},"end":{"line":296,"column":41}}],"line":296},"6":{"loc":{"start":{"line":323,"column":2},"end":{"line":325,"column":3}},"type":"if","locations":[{"start":{"line":323,"column":2},"end":{"line":325,"column":3}},{"start":{"line":323,"column":2},"end":{"line":325,"column":3}}],"line":323},"7":{"loc":{"start":{"line":333,"column":2},"end":{"line":335,"column":3}},"type":"if","locations":[{"start":{"line":333,"column":2},"end":{"line":335,"column":3}},{"start":{"line":333,"column":2},"end":{"line":335,"column":3}}],"line":333},"8":{"loc":{"start":{"line":356,"column":13},"end":{"line":356,"column":49}},"type":"cond-expr","locations":[{"start":{"line":356,"column":24},"end":{"line":356,"column":44}},{"start":{"line":356,"column":47},"end":{"line":356,"column":49}}],"line":356},"9":{"loc":{"start":{"line":358,"column":2},"end":{"line":360,"column":3}},"type":"if","locations":[{"start":{"line":358,"column":2},"end":{"line":360,"column":3}},{"start":{"line":358,"column":2},"end":{"line":360,"column":3}}],"line":358},"10":{"loc":{"start":{"line":362,"column":2},"end":{"line":528,"column":3}},"type":"if","locations":[{"start":{"line":362,"column":2},"end":{"line":528,"column":3}},{"start":{"line":362,"column":2},"end":{"line":528,"column":3}}],"line":362},"11":{"loc":{"start":{"line":368,"column":9},"end":{"line":528,"column":3}},"type":"if","locations":[{"start":{"line":368,"column":9},"end":{"line":528,"column":3}},{"start":{"line":368,"column":9},"end":{"line":528,"column":3}}],"line":368},"12":{"loc":{"start":{"line":390,"column":9},"end":{"line":528,"column":3}},"type":"if","locations":[{"start":{"line":390,"column":9},"end":{"line":528,"column":3}},{"start":{"line":390,"column":9},"end":{"line":528,"column":3}}],"line":390},"13":{"loc":{"start":{"line":399,"column":17},"end":{"line":399,"column":53}},"type":"cond-expr","locations":[{"start":{"line":399,"column":28},"end":{"line":399,"column":48}},{"start":{"line":399,"column":51},"end":{"line":399,"column":53}}],"line":399},"14":{"loc":{"start":{"line":402,"column":6},"end":{"line":406,"column":7}},"type":"if","locations":[{"start":{"line":402,"column":6},"end":{"line":406,"column":7}},{"start":{"line":402,"column":6},"end":{"line":406,"column":7}}],"line":402},"15":{"loc":{"start":{"line":411,"column":9},"end":{"line":528,"column":3}},"type":"if","locations":[{"start":{"line":411,"column":9},"end":{"line":528,"column":3}},{"start":{"line":411,"column":9},"end":{"line":528,"column":3}}],"line":411},"16":{"loc":{"start":{"line":421,"column":9},"end":{"line":528,"column":3}},"type":"if","locations":[{"start":{"line":421,"column":9},"end":{"line":528,"column":3}},{"start":{"line":421,"column":9},"end":{"line":528,"column":3}}],"line":421},"17":{"loc":{"start":{"line":422,"column":4},"end":{"line":443,"column":5}},"type":"if","locations":[{"start":{"line":422,"column":4},"end":{"line":443,"column":5}},{"start":{"line":422,"column":4},"end":{"line":443,"column":5}}],"line":422},"18":{"loc":{"start":{"line":426,"column":17},"end":{"line":426,"column":53}},"type":"cond-expr","locations":[{"start":{"line":426,"column":28},"end":{"line":426,"column":48}},{"start":{"line":426,"column":51},"end":{"line":426,"column":53}}],"line":426},"19":{"loc":{"start":{"line":431,"column":6},"end":{"line":440,"column":7}},"type":"if","locations":[{"start":{"line":431,"column":6},"end":{"line":440,"column":7}},{"start":{"line":431,"column":6},"end":{"line":440,"column":7}}],"line":431},"20":{"loc":{"start":{"line":459,"column":9},"end":{"line":528,"column":3}},"type":"if","locations":[{"start":{"line":459,"column":9},"end":{"line":528,"column":3}},{"start":{"line":459,"column":9},"end":{"line":528,"column":3}}],"line":459},"21":{"loc":{"start":{"line":475,"column":6},"end":{"line":477,"column":7}},"type":"if","locations":[{"start":{"line":475,"column":6},"end":{"line":477,"column":7}},{"start":{"line":475,"column":6},"end":{"line":477,"column":7}}],"line":475},"22":{"loc":{"start":{"line":475,"column":10},"end":{"line":475,"column":78}},"type":"binary-expr","locations":[{"start":{"line":475,"column":10},"end":{"line":475,"column":16}},{"start":{"line":475,"column":20},"end":{"line":475,"column":26}},{"start":{"line":475,"column":30},"end":{"line":475,"column":36}},{"start":{"line":475,"column":40},"end":{"line":475,"column":46}},{"start":{"line":475,"column":50},"end":{"line":475,"column":56}},{"start":{"line":475,"column":60},"end":{"line":475,"column":68}},{"start":{"line":475,"column":72},"end":{"line":475,"column":78}}],"line":475},"23":{"loc":{"start":{"line":537,"column":13},"end":{"line":537,"column":49}},"type":"cond-expr","locations":[{"start":{"line":537,"column":24},"end":{"line":537,"column":44}},{"start":{"line":537,"column":47},"end":{"line":537,"column":49}}],"line":537}},"s":{"0":1,"1":1,"2":1,"3":0,"4":0,"5":1,"6":0,"7":1,"8":1,"9":0,"10":1,"11":1,"12":1,"13":1,"14":0,"15":0,"16":0,"17":0,"18":1,"19":1,"20":0,"21":0,"22":0,"23":1,"24":1,"25":1,"26":1,"27":1,"28":1,"29":1,"30":1,"31":1,"32":1,"33":1,"34":1,"35":1,"36":0,"37":1,"38":0,"39":1,"40":0,"41":0,"42":0,"43":0,"44":0,"45":0,"46":0,"47":0,"48":0,"49":1,"50":1,"51":0,"52":0,"53":0,"54":0,"55":0,"56":0,"57":1,"58":1,"59":1,"60":0,"61":1,"62":1,"63":1,"64":1,"65":16,"66":1,"67":16,"68":0,"69":0,"70":0,"71":0,"72":0,"73":0,"74":0,"75":0,"76":0,"77":0,"78":0,"79":0,"80":0,"81":0,"82":0,"83":0,"84":0,"85":0,"86":0,"87":0,"88":0,"89":0,"90":0,"91":0,"92":0,"93":0,"94":0,"95":0,"96":0,"97":0,"98":0,"99":0,"100":0,"101":0,"102":0,"103":0,"104":0,"105":0,"106":0,"107":0,"108":0,"109":0,"110":0,"111":0,"112":0,"113":0,"114":0,"115":0,"116":0,"117":0,"118":0,"119":0,"120":0,"121":0,"122":0,"123":0,"124":0,"125":0,"126":0,"127":0,"128":0,"129":0,"130":0,"131":0,"132":0,"133":0,"134":0,"135":0,"136":0,"137":0,"138":0,"139":0,"140":0,"141":0,"142":0,"143":0,"144":0,"145":0,"146":0,"147":0,"148":0,"149":0,"150":0,"151":0,"152":0,"153":0,"154":0,"155":0,"156":0,"157":0,"158":0,"159":0,"160":0,"161":1,"162":0,"163":1,"164":1,"165":1,"166":1},"f":{"0":1,"1":0,"2":0,"3":0,"4":1,"5":0,"6":0,"7":0,"8":1,"9":16,"10":16,"11":0,"12":0,"13":0,"14":0,"15":0,"16":0,"17":0,"18":0,"19":0,"20":1},"b":{"0":[0,1],"1":[0,1],"2":[0,1],"3":[1,0],"4":[0,1],"5":[0,1],"6":[0,0],"7":[0,1],"8":[0,0],"9":[0,0],"10":[0,0],"11":[0,0],"12":[0,0],"13":[0,0],"14":[0,0],"15":[0,0],"16":[0,0],"17":[0,0],"18":[0,0],"19":[0,0],"20":[0,0],"21":[0,0],"22":[0,0,0,0,0,0,0],"23":[0,1]},"_coverageSchema":"1a1c01bbd47fc00a2c39e90264f33305004495a9","hash":"152c4f89665fd962649a6ac087157cdb691ea61a"}
,"C:\\Users\\Eugene\\PycharmProjects\\pizza_app\\scripts\\cardTools.js": {"path":"C:\\Users\\Eugene\\PycharmProjects\\pizza_app\\scripts\\cardTools.js","statementMap":{"0":{"start":{"line":6,"column":12},"end":{"line":6,"column":13}},"1":{"start":{"line":7,"column":2},"end":{"line":9,"column":3}},"2":{"start":{"line":8,"column":4},"end":{"line":8,"column":18}},"3":{"start":{"line":10,"column":2},"end":{"line":10,"column":12}},"4":{"start":{"line":15,"column":4},"end":{"line":15,"column":22}},"5":{"start":{"line":16,"column":4},"end":{"line":16,"column":20}},"6":{"start":{"line":17,"column":4},"end":{"line":17,"column":22}},"7":{"start":{"line":18,"column":4},"end":{"line":18,"column":24}},"8":{"start":{"line":19,"column":4},"end":{"line":19,"column":26}},"9":{"start":{"line":20,"column":4},"end":{"line":20,"column":26}},"10":{"start":{"line":22,"column":4},"end":{"line":22,"column":18}},"11":{"start":{"line":23,"column":4},"end":{"line":23,"column":36}},"12":{"start":{"line":27,"column":16},"end":{"line":27,"column":34}},"13":{"start":{"line":28,"column":19},"end":{"line":28,"column":48}},"14":{"start":{"line":29,"column":4},"end":{"line":29,"column":288}},"15":{"start":{"line":31,"column":4},"end":{"line":31,"column":32}},"16":{"start":{"line":33,"column":4},"end":{"line":33,"column":31}},"17":{"start":{"line":34,"column":4},"end":{"line":34,"column":18}},"18":{"start":{"line":38,"column":4},"end":{"line":82,"column":9}},"19":{"start":{"line":87,"column":24},"end":{"line":87,"column":77}},"20":{"start":{"line":88,"column":21},"end":{"line":88,"column":100}},"21":{"start":{"line":89,"column":4},"end":{"line":99,"column":5}},"22":{"start":{"line":90,"column":6},"end":{"line":90,"column":28}},"23":{"start":{"line":91,"column":22},"end":{"line":91,"column":34}},"24":{"start":{"line":93,"column":6},"end":{"line":98,"column":7}},"25":{"start":{"line":94,"column":8},"end":{"line":96,"column":10}},"26":{"start":{"line":95,"column":10},"end":{"line":95,"column":61}},"27":{"start":{"line":97,"column":8},"end":{"line":97,"column":61}},"28":{"start":{"line":102,"column":26},"end":{"line":102,"column":73}},"29":{"start":{"line":103,"column":23},"end":{"line":103,"column":96}},"30":{"start":{"line":104,"column":4},"end":{"line":114,"column":5}},"31":{"start":{"line":105,"column":6},"end":{"line":105,"column":28}},"32":{"start":{"line":106,"column":22},"end":{"line":106,"column":34}},"33":{"start":{"line":108,"column":6},"end":{"line":113,"column":7}},"34":{"start":{"line":109,"column":8},"end":{"line":111,"column":10}},"35":{"start":{"line":110,"column":10},"end":{"line":110,"column":61}},"36":{"start":{"line":112,"column":8},"end":{"line":112,"column":61}},"37":{"start":{"line":117,"column":22},"end":{"line":117,"column":59}},"38":{"start":{"line":118,"column":4},"end":{"line":138,"column":5}},"39":{"start":{"line":119,"column":21},"end":{"line":119,"column":23}},"40":{"start":{"line":120,"column":19},"end":{"line":120,"column":69}},"41":{"start":{"line":121,"column":6},"end":{"line":125,"column":7}},"42":{"start":{"line":121,"column":19},"end":{"line":121,"column":20}},"43":{"start":{"line":122,"column":8},"end":{"line":124,"column":9}},"44":{"start":{"line":123,"column":10},"end":{"line":123,"column":52}},"45":{"start":{"line":126,"column":6},"end":{"line":126,"column":35}},"46":{"start":{"line":127,"column":21},"end":{"line":127,"column":49}},"47":{"start":{"line":128,"column":6},"end":{"line":128,"column":53}},"48":{"start":{"line":129,"column":16},"end":{"line":129,"column":43}},"49":{"start":{"line":130,"column":6},"end":{"line":134,"column":7}},"50":{"start":{"line":131,"column":8},"end":{"line":131,"column":24}},"51":{"start":{"line":133,"column":8},"end":{"line":133,"column":23}},"52":{"start":{"line":136,"column":6},"end":{"line":136,"column":60}},"53":{"start":{"line":137,"column":6},"end":{"line":137,"column":86}},"54":{"start":{"line":144,"column":4},"end":{"line":144,"column":16}},"55":{"start":{"line":145,"column":4},"end":{"line":145,"column":66}},"56":{"start":{"line":145,"column":38},"end":{"line":145,"column":65}},"57":{"start":{"line":146,"column":4},"end":{"line":146,"column":22}},"58":{"start":{"line":150,"column":4},"end":{"line":152,"column":5}},"59":{"start":{"line":151,"column":6},"end":{"line":151,"column":28}},"60":{"start":{"line":154,"column":4},"end":{"line":156,"column":6}},"61":{"start":{"line":155,"column":6},"end":{"line":155,"column":40}},"62":{"start":{"line":160,"column":4},"end":{"line":162,"column":5}},"63":{"start":{"line":161,"column":6},"end":{"line":161,"column":33}}},"fnMap":{"0":{"name":"getCartSum","decl":{"start":{"line":5,"column":16},"end":{"line":5,"column":26}},"loc":{"start":{"line":5,"column":33},"end":{"line":11,"column":1}},"line":5},"1":{"name":"(anonymous_1)","decl":{"start":{"line":14,"column":2},"end":{"line":14,"column":3}},"loc":{"start":{"line":14,"column":79},"end":{"line":24,"column":3}},"line":14},"2":{"name":"(anonymous_2)","decl":{"start":{"line":26,"column":2},"end":{"line":26,"column":3}},"loc":{"start":{"line":26,"column":16},"end":{"line":35,"column":3}},"line":26},"3":{"name":"(anonymous_3)","decl":{"start":{"line":37,"column":2},"end":{"line":37,"column":3}},"loc":{"start":{"line":37,"column":17},"end":{"line":83,"column":3}},"line":37},"4":{"name":"(anonymous_4)","decl":{"start":{"line":85,"column":2},"end":{"line":85,"column":3}},"loc":{"start":{"line":85,"column":26},"end":{"line":139,"column":3}},"line":85},"5":{"name":"(anonymous_5)","decl":{"start":{"line":89,"column":26},"end":{"line":89,"column":27}},"loc":{"start":{"line":89,"column":43},"end":{"line":99,"column":5}},"line":89},"6":{"name":"(anonymous_6)","decl":{"start":{"line":94,"column":34},"end":{"line":94,"column":35}},"loc":{"start":{"line":94,"column":48},"end":{"line":96,"column":9}},"line":94},"7":{"name":"(anonymous_7)","decl":{"start":{"line":104,"column":28},"end":{"line":104,"column":29}},"loc":{"start":{"line":104,"column":45},"end":{"line":114,"column":5}},"line":104},"8":{"name":"(anonymous_8)","decl":{"start":{"line":109,"column":36},"end":{"line":109,"column":37}},"loc":{"start":{"line":109,"column":50},"end":{"line":111,"column":9}},"line":109},"9":{"name":"(anonymous_9)","decl":{"start":{"line":118,"column":24},"end":{"line":118,"column":25}},"loc":{"start":{"line":118,"column":30},"end":{"line":138,"column":5}},"line":118},"10":{"name":"(anonymous_10)","decl":{"start":{"line":143,"column":2},"end":{"line":143,"column":3}},"loc":{"start":{"line":143,"column":33},"end":{"line":147,"column":3}},"line":143},"11":{"name":"(anonymous_11)","decl":{"start":{"line":145,"column":30},"end":{"line":145,"column":31}},"loc":{"start":{"line":145,"column":38},"end":{"line":145,"column":65}},"line":145},"12":{"name":"(anonymous_12)","decl":{"start":{"line":149,"column":2},"end":{"line":149,"column":3}},"loc":{"start":{"line":149,"column":17},"end":{"line":157,"column":3}},"line":149},"13":{"name":"(anonymous_13)","decl":{"start":{"line":154,"column":23},"end":{"line":154,"column":24}},"loc":{"start":{"line":154,"column":31},"end":{"line":156,"column":5}},"line":154},"14":{"name":"(anonymous_14)","decl":{"start":{"line":159,"column":2},"end":{"line":159,"column":3}},"loc":{"start":{"line":159,"column":22},"end":{"line":163,"column":3}},"line":159}},"branchMap":{"0":{"loc":{"start":{"line":93,"column":6},"end":{"line":98,"column":7}},"type":"if","locations":[{"start":{"line":93,"column":6},"end":{"line":98,"column":7}},{"start":{"line":93,"column":6},"end":{"line":98,"column":7}}],"line":93},"1":{"loc":{"start":{"line":108,"column":6},"end":{"line":113,"column":7}},"type":"if","locations":[{"start":{"line":108,"column":6},"end":{"line":113,"column":7}},{"start":{"line":108,"column":6},"end":{"line":113,"column":7}}],"line":108},"2":{"loc":{"start":{"line":122,"column":8},"end":{"line":124,"column":9}},"type":"if","locations":[{"start":{"line":122,"column":8},"end":{"line":124,"column":9}},{"start":{"line":122,"column":8},"end":{"line":124,"column":9}}],"line":122},"3":{"loc":{"start":{"line":128,"column":17},"end":{"line":128,"column":53}},"type":"cond-expr","locations":[{"start":{"line":128,"column":28},"end":{"line":128,"column":48}},{"start":{"line":128,"column":51},"end":{"line":128,"column":53}}],"line":128},"4":{"loc":{"start":{"line":130,"column":6},"end":{"line":134,"column":7}},"type":"if","locations":[{"start":{"line":130,"column":6},"end":{"line":134,"column":7}},{"start":{"line":130,"column":6},"end":{"line":134,"column":7}}],"line":130},"5":{"loc":{"start":{"line":150,"column":4},"end":{"line":152,"column":5}},"type":"if","locations":[{"start":{"line":150,"column":4},"end":{"line":152,"column":5}},{"start":{"line":150,"column":4},"end":{"line":152,"column":5}}],"line":150},"6":{"loc":{"start":{"line":160,"column":4},"end":{"line":162,"column":5}},"type":"if","locations":[{"start":{"line":160,"column":4},"end":{"line":162,"column":5}},{"start":{"line":160,"column":4},"end":{"line":162,"column":5}}],"line":160}},"s":{"0":1,"1":1,"2":0,"3":1,"4":9,"5":9,"6":9,"7":9,"8":9,"9":9,"10":9,"11":9,"12":9,"13":9,"14":9,"15":9,"16":9,"17":9,"18":9,"19":9,"20":9,"21":9,"22":0,"23":0,"24":0,"25":0,"26":0,"27":0,"28":9,"29":9,"30":9,"31":0,"32":0,"33":0,"34":0,"35":0,"36":0,"37":9,"38":9,"39":0,"40":0,"41":0,"42":0,"43":0,"44":0,"45":0,"46":0,"47":0,"48":0,"49":0,"50":0,"51":0,"52":0,"53":0,"54":3,"55":3,"56":9,"57":3,"58":3,"59":1,"60":3,"61":9,"62":9,"63":1},"f":{"0":1,"1":9,"2":9,"3":9,"4":9,"5":0,"6":0,"7":0,"8":0,"9":0,"10":3,"11":9,"12":3,"13":9,"14":9},"b":{"0":[0,0],"1":[0,0],"2":[0,0],"3":[0,0],"4":[0,0],"5":[1,2],"6":[1,8]},"_coverageSchema":"1a1c01bbd47fc00a2c39e90264f33305004495a9","hash":"82707a4a1528ab5bae556fd67489960c8817d277"}
,"C:\\Users\\Eugene\\PycharmProjects\\pizza_app\\scripts\\cartProdTools.js": {"path":"C:\\Users\\Eugene\\PycharmProjects\\pizza_app\\scripts\\cartProdTools.js","statementMap":{"0":{"start":{"line":7,"column":4},"end":{"line":7,"column":48}},"1":{"start":{"line":8,"column":4},"end":{"line":8,"column":66}},"2":{"start":{"line":10,"column":4},"end":{"line":10,"column":22}},"3":{"start":{"line":11,"column":4},"end":{"line":11,"column":26}},"4":{"start":{"line":12,"column":4},"end":{"line":12,"column":20}},"5":{"start":{"line":13,"column":4},"end":{"line":13,"column":28}},"6":{"start":{"line":14,"column":4},"end":{"line":14,"column":22}},"7":{"start":{"line":15,"column":4},"end":{"line":15,"column":18}},"8":{"start":{"line":16,"column":4},"end":{"line":16,"column":36}},"9":{"start":{"line":17,"column":4},"end":{"line":17,"column":61}},"10":{"start":{"line":18,"column":4},"end":{"line":18,"column":43}},"11":{"start":{"line":22,"column":16},"end":{"line":22,"column":34}},"12":{"start":{"line":23,"column":19},"end":{"line":23,"column":48}},"13":{"start":{"line":24,"column":4},"end":{"line":24,"column":289}},"14":{"start":{"line":25,"column":4},"end":{"line":25,"column":32}},"15":{"start":{"line":26,"column":4},"end":{"line":26,"column":31}},"16":{"start":{"line":27,"column":4},"end":{"line":27,"column":18}},"17":{"start":{"line":31,"column":4},"end":{"line":53,"column":5}},"18":{"start":{"line":57,"column":19},"end":{"line":57,"column":53}},"19":{"start":{"line":58,"column":4},"end":{"line":76,"column":5}},"20":{"start":{"line":59,"column":6},"end":{"line":59,"column":50}},"21":{"start":{"line":60,"column":6},"end":{"line":60,"column":68}},"22":{"start":{"line":62,"column":18},"end":{"line":62,"column":41}},"23":{"start":{"line":63,"column":6},"end":{"line":67,"column":7}},"24":{"start":{"line":64,"column":8},"end":{"line":64,"column":25}},"25":{"start":{"line":66,"column":8},"end":{"line":66,"column":17}},"26":{"start":{"line":68,"column":6},"end":{"line":68,"column":37}},"27":{"start":{"line":69,"column":6},"end":{"line":69,"column":63}},"28":{"start":{"line":71,"column":6},"end":{"line":71,"column":65}},"29":{"start":{"line":72,"column":6},"end":{"line":72,"column":91}},"30":{"start":{"line":73,"column":6},"end":{"line":73,"column":182}},"31":{"start":{"line":74,"column":24},"end":{"line":74,"column":52}},"32":{"start":{"line":75,"column":6},"end":{"line":75,"column":117}},"33":{"start":{"line":78,"column":18},"end":{"line":78,"column":51}},"34":{"start":{"line":79,"column":4},"end":{"line":96,"column":5}},"35":{"start":{"line":80,"column":6},"end":{"line":80,"column":50}},"36":{"start":{"line":81,"column":6},"end":{"line":81,"column":68}},"37":{"start":{"line":83,"column":18},"end":{"line":83,"column":41}},"38":{"start":{"line":85,"column":6},"end":{"line":85,"column":23}},"39":{"start":{"line":87,"column":6},"end":{"line":87,"column":37}},"40":{"start":{"line":88,"column":6},"end":{"line":88,"column":65}},"41":{"start":{"line":90,"column":6},"end":{"line":90,"column":63}},"42":{"start":{"line":92,"column":6},"end":{"line":92,"column":182}},"43":{"start":{"line":93,"column":6},"end":{"line":93,"column":91}},"44":{"start":{"line":94,"column":24},"end":{"line":94,"column":52}},"45":{"start":{"line":95,"column":6},"end":{"line":95,"column":117}},"46":{"start":{"line":98,"column":22},"end":{"line":98,"column":64}},"47":{"start":{"line":99,"column":4},"end":{"line":139,"column":5}},"48":{"start":{"line":100,"column":6},"end":{"line":100,"column":28}},"49":{"start":{"line":101,"column":6},"end":{"line":101,"column":36}},"50":{"start":{"line":103,"column":6},"end":{"line":103,"column":65}},"51":{"start":{"line":105,"column":6},"end":{"line":105,"column":42}},"52":{"start":{"line":106,"column":6},"end":{"line":106,"column":50}},"53":{"start":{"line":107,"column":6},"end":{"line":107,"column":68}},"54":{"start":{"line":109,"column":24},"end":{"line":109,"column":52}},"55":{"start":{"line":110,"column":6},"end":{"line":110,"column":117}},"56":{"start":{"line":111,"column":6},"end":{"line":111,"column":91}},"57":{"start":{"line":113,"column":24},"end":{"line":113,"column":26}},"58":{"start":{"line":114,"column":6},"end":{"line":122,"column":7}},"59":{"start":{"line":116,"column":18},"end":{"line":116,"column":35}},"60":{"start":{"line":117,"column":25},"end":{"line":117,"column":59}},"61":{"start":{"line":118,"column":19},"end":{"line":118,"column":76}},"62":{"start":{"line":118,"column":47},"end":{"line":118,"column":70}},"63":{"start":{"line":119,"column":8},"end":{"line":119,"column":30}},"64":{"start":{"line":120,"column":8},"end":{"line":120,"column":39}},"65":{"start":{"line":121,"column":8},"end":{"line":121,"column":26}},"66":{"start":{"line":124,"column":6},"end":{"line":138,"column":7}},"67":{"start":{"line":125,"column":8},"end":{"line":128,"column":10}},"68":{"start":{"line":130,"column":8},"end":{"line":137,"column":9}},"69":{"start":{"line":145,"column":4},"end":{"line":145,"column":16}},"70":{"start":{"line":146,"column":4},"end":{"line":146,"column":66}},"71":{"start":{"line":146,"column":38},"end":{"line":146,"column":65}},"72":{"start":{"line":147,"column":4},"end":{"line":147,"column":22}},"73":{"start":{"line":151,"column":4},"end":{"line":153,"column":5}},"74":{"start":{"line":152,"column":6},"end":{"line":152,"column":28}},"75":{"start":{"line":154,"column":4},"end":{"line":156,"column":6}},"76":{"start":{"line":155,"column":6},"end":{"line":155,"column":40}},"77":{"start":{"line":160,"column":4},"end":{"line":160,"column":31}}},"fnMap":{"0":{"name":"(anonymous_0)","decl":{"start":{"line":6,"column":2},"end":{"line":6,"column":3}},"loc":{"start":{"line":6,"column":72},"end":{"line":19,"column":3}},"line":6},"1":{"name":"(anonymous_1)","decl":{"start":{"line":21,"column":2},"end":{"line":21,"column":3}},"loc":{"start":{"line":21,"column":16},"end":{"line":28,"column":3}},"line":21},"2":{"name":"(anonymous_2)","decl":{"start":{"line":30,"column":2},"end":{"line":30,"column":3}},"loc":{"start":{"line":30,"column":17},"end":{"line":54,"column":3}},"line":30},"3":{"name":"(anonymous_3)","decl":{"start":{"line":56,"column":2},"end":{"line":56,"column":3}},"loc":{"start":{"line":56,"column":26},"end":{"line":140,"column":3}},"line":56},"4":{"name":"(anonymous_4)","decl":{"start":{"line":58,"column":21},"end":{"line":58,"column":22}},"loc":{"start":{"line":58,"column":27},"end":{"line":76,"column":5}},"line":58},"5":{"name":"(anonymous_5)","decl":{"start":{"line":79,"column":20},"end":{"line":79,"column":21}},"loc":{"start":{"line":79,"column":26},"end":{"line":96,"column":5}},"line":79},"6":{"name":"(anonymous_6)","decl":{"start":{"line":99,"column":24},"end":{"line":99,"column":25}},"loc":{"start":{"line":99,"column":30},"end":{"line":139,"column":5}},"line":99},"7":{"name":"(anonymous_7)","decl":{"start":{"line":118,"column":35},"end":{"line":118,"column":36}},"loc":{"start":{"line":118,"column":45},"end":{"line":118,"column":72}},"line":118},"8":{"name":"(anonymous_8)","decl":{"start":{"line":144,"column":2},"end":{"line":144,"column":3}},"loc":{"start":{"line":144,"column":33},"end":{"line":148,"column":3}},"line":144},"9":{"name":"(anonymous_9)","decl":{"start":{"line":146,"column":30},"end":{"line":146,"column":31}},"loc":{"start":{"line":146,"column":38},"end":{"line":146,"column":65}},"line":146},"10":{"name":"(anonymous_10)","decl":{"start":{"line":150,"column":2},"end":{"line":150,"column":3}},"loc":{"start":{"line":150,"column":17},"end":{"line":157,"column":3}},"line":150},"11":{"name":"(anonymous_11)","decl":{"start":{"line":154,"column":23},"end":{"line":154,"column":24}},"loc":{"start":{"line":154,"column":31},"end":{"line":156,"column":5}},"line":154},"12":{"name":"(anonymous_12)","decl":{"start":{"line":159,"column":2},"end":{"line":159,"column":3}},"loc":{"start":{"line":159,"column":22},"end":{"line":161,"column":3}},"line":159}},"branchMap":{"0":{"loc":{"start":{"line":8,"column":20},"end":{"line":8,"column":66}},"type":"cond-expr","locations":[{"start":{"line":8,"column":36},"end":{"line":8,"column":61}},{"start":{"line":8,"column":64},"end":{"line":8,"column":66}}],"line":8},"1":{"loc":{"start":{"line":60,"column":22},"end":{"line":60,"column":68}},"type":"cond-expr","locations":[{"start":{"line":60,"column":38},"end":{"line":60,"column":63}},{"start":{"line":60,"column":66},"end":{"line":60,"column":68}}],"line":60},"2":{"loc":{"start":{"line":63,"column":6},"end":{"line":67,"column":7}},"type":"if","locations":[{"start":{"line":63,"column":6},"end":{"line":67,"column":7}},{"start":{"line":63,"column":6},"end":{"line":67,"column":7}}],"line":63},"3":{"loc":{"start":{"line":81,"column":22},"end":{"line":81,"column":68}},"type":"cond-expr","locations":[{"start":{"line":81,"column":38},"end":{"line":81,"column":63}},{"start":{"line":81,"column":66},"end":{"line":81,"column":68}}],"line":81},"4":{"loc":{"start":{"line":107,"column":22},"end":{"line":107,"column":68}},"type":"cond-expr","locations":[{"start":{"line":107,"column":38},"end":{"line":107,"column":63}},{"start":{"line":107,"column":66},"end":{"line":107,"column":68}}],"line":107},"5":{"loc":{"start":{"line":124,"column":6},"end":{"line":138,"column":7}},"type":"if","locations":[{"start":{"line":124,"column":6},"end":{"line":138,"column":7}},{"start":{"line":124,"column":6},"end":{"line":138,"column":7}}],"line":124},"6":{"loc":{"start":{"line":151,"column":4},"end":{"line":153,"column":5}},"type":"if","locations":[{"start":{"line":151,"column":4},"end":{"line":153,"column":5}},{"start":{"line":151,"column":4},"end":{"line":153,"column":5}}],"line":151}},"s":{"0":0,"1":0,"2":0,"3":0,"4":0,"5":0,"6":0,"7":0,"8":0,"9":0,"10":0,"11":0,"12":0,"13":0,"14":0,"15":0,"16":0,"17":0,"18":0,"19":0,"20":0,"21":0,"22":0,"23":0,"24":0,"25":0,"26":0,"27":0,"28":0,"29":0,"30":0,"31":0,"32":0,"33":0,"34":0,"35":0,"36":0,"37":0,"38":0,"39":0,"40":0,"41":0,"42":0,"43":0,"44":0,"45":0,"46":0,"47":0,"48":0,"49":0,"50":0,"51":0,"52":0,"53":0,"54":0,"55":0,"56":0,"57":0,"58":0,"59":0,"60":0,"61":0,"62":0,"63":0,"64":0,"65":0,"66":0,"67":0,"68":0,"69":0,"70":0,"71":0,"72":0,"73":0,"74":0,"75":0,"76":0,"77":0},"f":{"0":0,"1":0,"2":0,"3":0,"4":0,"5":0,"6":0,"7":0,"8":0,"9":0,"10":0,"11":0,"12":0},"b":{"0":[0,0],"1":[0,0],"2":[0,0],"3":[0,0],"4":[0,0],"5":[0,0],"6":[0,0]},"_coverageSchema":"1a1c01bbd47fc00a2c39e90264f33305004495a9","hash":"885d28ec514464f6d957d99fa10257e85d6ab3a5"}
,"C:\\Users\\Eugene\\PycharmProjects\\pizza_app\\scripts\\dbapi.js": {"path":"C:\\Users\\Eugene\\PycharmProjects\\pizza_app\\scripts\\dbapi.js","statementMap":{"0":{"start":{"line":2,"column":18},"end":{"line":2,"column":38}},"1":{"start":{"line":3,"column":2},"end":{"line":3,"column":37}},"2":{"start":{"line":4,"column":2},"end":{"line":4,"column":20}},"3":{"start":{"line":5,"column":2},"end":{"line":5,"column":29}},"4":{"start":{"line":8,"column":17},"end":{"line":8,"column":99}},"5":{"start":{"line":10,"column":14},"end":{"line":10,"column":16}},"6":{"start":{"line":11,"column":0},"end":{"line":13,"column":2}},"7":{"start":{"line":12,"column":2},"end":{"line":12,"column":27}},"8":{"start":{"line":15,"column":16},"end":{"line":15,"column":97}}},"fnMap":{"0":{"name":"Get","decl":{"start":{"line":1,"column":9},"end":{"line":1,"column":12}},"loc":{"start":{"line":1,"column":23},"end":{"line":6,"column":1}},"line":1},"1":{"name":"(anonymous_1)","decl":{"start":{"line":11,"column":17},"end":{"line":11,"column":18}},"loc":{"start":{"line":11,"column":28},"end":{"line":13,"column":1}},"line":11}},"branchMap":{},"s":{"0":9,"1":9,"2":9,"3":9,"4":3,"5":3,"6":3,"7":48,"8":3},"f":{"0":9,"1":48},"b":{},"_coverageSchema":"1a1c01bbd47fc00a2c39e90264f33305004495a9","hash":"5208f1ba42d5445bf38da826f685d115ed2f2b48"}
,"C:\\Users\\Eugene\\PycharmProjects\\pizza_app\\scripts\\products.js": {"path":"C:\\Users\\Eugene\\PycharmProjects\\pizza_app\\scripts\\products.js","statementMap":{"0":{"start":{"line":3,"column":24},"end":{"line":3,"column":39}},"1":{"start":{"line":4,"column":24},"end":{"line":4,"column":39}},"2":{"start":{"line":5,"column":23},"end":{"line":5,"column":37}},"3":{"start":{"line":6,"column":23},"end":{"line":6,"column":37}},"4":{"start":{"line":7,"column":21},"end":{"line":7,"column":38}},"5":{"start":{"line":8,"column":23},"end":{"line":8,"column":42}},"6":{"start":{"line":10,"column":23},"end":{"line":10,"column":68}},"7":{"start":{"line":10,"column":47},"end":{"line":10,"column":65}},"8":{"start":{"line":11,"column":25},"end":{"line":11,"column":72}},"9":{"start":{"line":11,"column":51},"end":{"line":11,"column":69}},"10":{"start":{"line":12,"column":26},"end":{"line":12,"column":74}},"11":{"start":{"line":12,"column":53},"end":{"line":12,"column":71}},"12":{"start":{"line":13,"column":26},"end":{"line":13,"column":74}},"13":{"start":{"line":13,"column":53},"end":{"line":13,"column":71}},"14":{"start":{"line":14,"column":25},"end":{"line":14,"column":72}},"15":{"start":{"line":14,"column":51},"end":{"line":14,"column":69}},"16":{"start":{"line":15,"column":25},"end":{"line":15,"column":72}},"17":{"start":{"line":15,"column":51},"end":{"line":15,"column":69}}},"fnMap":{"0":{"name":"(anonymous_0)","decl":{"start":{"line":10,"column":40},"end":{"line":10,"column":41}},"loc":{"start":{"line":10,"column":45},"end":{"line":10,"column":67}},"line":10},"1":{"name":"(anonymous_1)","decl":{"start":{"line":11,"column":44},"end":{"line":11,"column":45}},"loc":{"start":{"line":11,"column":49},"end":{"line":11,"column":71}},"line":11},"2":{"name":"(anonymous_2)","decl":{"start":{"line":12,"column":46},"end":{"line":12,"column":47}},"loc":{"start":{"line":12,"column":51},"end":{"line":12,"column":73}},"line":12},"3":{"name":"(anonymous_3)","decl":{"start":{"line":13,"column":46},"end":{"line":13,"column":47}},"loc":{"start":{"line":13,"column":51},"end":{"line":13,"column":73}},"line":13},"4":{"name":"(anonymous_4)","decl":{"start":{"line":14,"column":44},"end":{"line":14,"column":45}},"loc":{"start":{"line":14,"column":49},"end":{"line":14,"column":71}},"line":14},"5":{"name":"(anonymous_5)","decl":{"start":{"line":15,"column":44},"end":{"line":15,"column":45}},"loc":{"start":{"line":15,"column":49},"end":{"line":15,"column":71}},"line":15}},"branchMap":{},"s":{"0":1,"1":1,"2":1,"3":1,"4":1,"5":1,"6":1,"7":4,"8":1,"9":4,"10":1,"11":4,"12":1,"13":4,"14":1,"15":4,"16":1,"17":4},"f":{"0":4,"1":4,"2":4,"3":4,"4":4,"5":4},"b":{},"_coverageSchema":"1a1c01bbd47fc00a2c39e90264f33305004495a9","hash":"e27a5e776b669dfb92cb120ce04449fc3d1cce43"}
}
