TN:
SF:scripts\actions.js
FN:4,(anonymous_0)
FN:13,(anonymous_1)
FN:22,(anonymous_2)
FN:38,(anonymous_3)
FN:40,(anonymous_4)
FN:44,(anonymous_5)
FN:46,(anonymous_6)
FN:51,(anonymous_7)
FNF:8
FNH:8
FNDA:1,(anonymous_0)
FNDA:1,(anonymous_1)
FNDA:1,(anonymous_2)
FNDA:1,(anonymous_3)
FNDA:1,(anonymous_4)
FNDA:1,(anonymous_5)
FNDA:1,(anonymous_6)
FNDA:1,(anonymous_7)
DA:5,1
DA:6,1
DA:7,1
DA:9,1
DA:10,1
DA:14,1
DA:15,1
DA:16,1
DA:17,1
DA:19,1
DA:23,1
DA:39,1
DA:40,1
DA:41,1
DA:45,1
DA:46,1
DA:47,1
DA:52,1
DA:56,2
LF:19
LH:19
BRF:0
BRH:0
end_of_record
TN:
SF:scripts\app.js
FN:21,(anonymous_0)
FN:45,(anonymous_1)
FN:53,(anonymous_2)
FN:54,(anonymous_3)
FN:289,formatDate
FN:301,calcTotalCost
FN:305,(anonymous_6)
FN:315,(anonymous_7)
FN:332,renderHome
FN:349,(anonymous_9)
FN:350,(anonymous_10)
FN:352,hashChange
FN:391,(anonymous_12)
FN:397,(anonymous_13)
FN:414,(anonymous_14)
FN:449,(anonymous_15)
FN:466,(anonymous_16)
FN:496,(anonymous_17)
FN:497,(anonymous_18)
FN:531,(anonymous_19)
FN:535,(anonymous_20)
FNF:21
FNH:6
FNDA:1,(anonymous_0)
FNDA:0,(anonymous_1)
FNDA:0,(anonymous_2)
FNDA:0,(anonymous_3)
FNDA:1,formatDate
FNDA:0,calcTotalCost
FNDA:0,(anonymous_6)
FNDA:0,(anonymous_7)
FNDA:1,renderHome
FNDA:16,(anonymous_9)
FNDA:16,(anonymous_10)
FNDA:0,hashChange
FNDA:0,(anonymous_12)
FNDA:0,(anonymous_13)
FNDA:0,(anonymous_14)
FNDA:0,(anonymous_15)
FNDA:0,(anonymous_16)
FNDA:0,(anonymous_17)
FNDA:0,(anonymous_18)
FNDA:0,(anonymous_19)
FNDA:1,(anonymous_20)
DA:21,1
DA:22,1
DA:23,1
DA:24,0
DA:25,0
DA:27,1
DA:28,0
DA:35,1
DA:36,1
DA:37,0
DA:40,1
DA:41,1
DA:42,1
DA:44,1
DA:45,0
DA:46,0
DA:47,0
DA:48,0
DA:52,1
DA:53,1
DA:54,0
DA:55,0
DA:56,0
DA:62,1
DA:73,1
DA:128,1
DA:160,1
DA:171,1
DA:199,1
DA:215,1
DA:268,1
DA:290,1
DA:291,1
DA:292,1
DA:293,1
DA:295,1
DA:296,1
DA:298,1
DA:302,0
DA:303,0
DA:304,0
DA:305,0
DA:306,0
DA:307,0
DA:309,0
DA:310,0
DA:313,1
DA:315,1
DA:316,0
DA:317,0
DA:319,0
DA:322,0
DA:323,0
DA:324,0
DA:328,1
DA:330,1
DA:333,1
DA:334,0
DA:337,1
DA:342,1
DA:347,1
DA:349,16
DA:350,16
DA:353,0
DA:354,0
DA:355,0
DA:356,0
DA:357,0
DA:358,0
DA:359,0
DA:362,0
DA:363,0
DA:364,0
DA:368,0
DA:369,0
DA:371,0
DA:376,0
DA:381,0
DA:386,0
DA:390,0
DA:391,0
DA:392,0
DA:393,0
DA:396,0
DA:397,0
DA:398,0
DA:399,0
DA:401,0
DA:402,0
DA:403,0
DA:405,0
DA:408,0
DA:409,0
DA:411,0
DA:412,0
DA:413,0
DA:414,0
DA:415,0
DA:417,0
DA:421,0
DA:422,0
DA:423,0
DA:424,0
DA:425,0
DA:426,0
DA:427,0
DA:429,0
DA:430,0
DA:431,0
DA:432,0
DA:444,0
DA:445,0
DA:446,0
DA:447,0
DA:448,0
DA:449,0
DA:450,0
DA:451,0
DA:452,0
DA:453,0
DA:455,0
DA:459,0
DA:460,0
DA:461,0
DA:462,0
DA:463,0
DA:464,0
DA:465,0
DA:466,0
DA:467,0
DA:468,0
DA:469,0
DA:470,0
DA:471,0
DA:472,0
DA:473,0
DA:474,0
DA:475,0
DA:476,0
DA:478,0
DA:489,0
DA:496,0
DA:498,0
DA:499,0
DA:500,0
DA:501,0
DA:502,0
DA:511,0
DA:512,0
DA:516,0
DA:517,0
DA:519,0
DA:524,0
DA:531,1
DA:532,0
DA:535,1
DA:536,1
DA:537,1
DA:539,1
LF:159
LH:42
BRDA:23,0,0,0
BRDA:23,0,1,1
BRDA:36,1,0,0
BRDA:36,1,1,1
BRDA:44,2,0,0
BRDA:44,2,1,1
BRDA:52,3,0,1
BRDA:52,3,1,0
BRDA:295,4,0,0
BRDA:295,4,1,1
BRDA:296,5,0,0
BRDA:296,5,1,1
BRDA:323,6,0,0
BRDA:323,6,1,0
BRDA:333,7,0,0
BRDA:333,7,1,1
BRDA:356,8,0,0
BRDA:356,8,1,0
BRDA:358,9,0,0
BRDA:358,9,1,0
BRDA:362,10,0,0
BRDA:362,10,1,0
BRDA:368,11,0,0
BRDA:368,11,1,0
BRDA:390,12,0,0
BRDA:390,12,1,0
BRDA:399,13,0,0
BRDA:399,13,1,0
BRDA:402,14,0,0
BRDA:402,14,1,0
BRDA:411,15,0,0
BRDA:411,15,1,0
BRDA:421,16,0,0
BRDA:421,16,1,0
BRDA:422,17,0,0
BRDA:422,17,1,0
BRDA:426,18,0,0
BRDA:426,18,1,0
BRDA:431,19,0,0
BRDA:431,19,1,0
BRDA:459,20,0,0
BRDA:459,20,1,0
BRDA:475,21,0,0
BRDA:475,21,1,0
BRDA:475,22,0,0
BRDA:475,22,1,0
BRDA:475,22,2,0
BRDA:475,22,3,0
BRDA:475,22,4,0
BRDA:475,22,5,0
BRDA:475,22,6,0
BRDA:537,23,0,0
BRDA:537,23,1,1
BRF:53
BRH:8
end_of_record
TN:
SF:scripts\cardTools.js
FN:5,getCartSum
FN:14,(anonymous_1)
FN:26,(anonymous_2)
FN:37,(anonymous_3)
FN:85,(anonymous_4)
FN:89,(anonymous_5)
FN:94,(anonymous_6)
FN:104,(anonymous_7)
FN:109,(anonymous_8)
FN:118,(anonymous_9)
FN:143,(anonymous_10)
FN:145,(anonymous_11)
FN:149,(anonymous_12)
FN:154,(anonymous_13)
FN:159,(anonymous_14)
FNF:15
FNH:10
FNDA:1,getCartSum
FNDA:9,(anonymous_1)
FNDA:9,(anonymous_2)
FNDA:9,(anonymous_3)
FNDA:9,(anonymous_4)
FNDA:0,(anonymous_5)
FNDA:0,(anonymous_6)
FNDA:0,(anonymous_7)
FNDA:0,(anonymous_8)
FNDA:0,(anonymous_9)
FNDA:3,(anonymous_10)
FNDA:9,(anonymous_11)
FNDA:3,(anonymous_12)
FNDA:9,(anonymous_13)
FNDA:9,(anonymous_14)
DA:6,1
DA:7,1
DA:8,0
DA:10,1
DA:15,9
DA:16,9
DA:17,9
DA:18,9
DA:19,9
DA:20,9
DA:22,9
DA:23,9
DA:27,9
DA:28,9
DA:29,9
DA:31,9
DA:33,9
DA:34,9
DA:38,9
DA:87,9
DA:88,9
DA:89,9
DA:90,0
DA:91,0
DA:93,0
DA:94,0
DA:95,0
DA:97,0
DA:102,9
DA:103,9
DA:104,9
DA:105,0
DA:106,0
DA:108,0
DA:109,0
DA:110,0
DA:112,0
DA:117,9
DA:118,9
DA:119,0
DA:120,0
DA:121,0
DA:122,0
DA:123,0
DA:126,0
DA:127,0
DA:128,0
DA:129,0
DA:130,0
DA:131,0
DA:133,0
DA:136,0
DA:137,0
DA:144,3
DA:145,9
DA:146,3
DA:150,3
DA:151,1
DA:154,3
DA:155,9
DA:160,9
DA:161,1
LF:62
LH:35
BRDA:93,0,0,0
BRDA:93,0,1,0
BRDA:108,1,0,0
BRDA:108,1,1,0
BRDA:122,2,0,0
BRDA:122,2,1,0
BRDA:128,3,0,0
BRDA:128,3,1,0
BRDA:130,4,0,0
BRDA:130,4,1,0
BRDA:150,5,0,1
BRDA:150,5,1,2
BRDA:160,6,0,1
BRDA:160,6,1,8
BRF:14
BRH:4
end_of_record
TN:
SF:scripts\cartProdTools.js
FN:6,(anonymous_0)
FN:21,(anonymous_1)
FN:30,(anonymous_2)
FN:56,(anonymous_3)
FN:58,(anonymous_4)
FN:79,(anonymous_5)
FN:99,(anonymous_6)
FN:118,(anonymous_7)
FN:144,(anonymous_8)
FN:146,(anonymous_9)
FN:150,(anonymous_10)
FN:154,(anonymous_11)
FN:159,(anonymous_12)
FNF:13
FNH:0
FNDA:0,(anonymous_0)
FNDA:0,(anonymous_1)
FNDA:0,(anonymous_2)
FNDA:0,(anonymous_3)
FNDA:0,(anonymous_4)
FNDA:0,(anonymous_5)
FNDA:0,(anonymous_6)
FNDA:0,(anonymous_7)
FNDA:0,(anonymous_8)
FNDA:0,(anonymous_9)
FNDA:0,(anonymous_10)
FNDA:0,(anonymous_11)
FNDA:0,(anonymous_12)
DA:7,0
DA:8,0
DA:10,0
DA:11,0
DA:12,0
DA:13,0
DA:14,0
DA:15,0
DA:16,0
DA:17,0
DA:18,0
DA:22,0
DA:23,0
DA:24,0
DA:25,0
DA:26,0
DA:27,0
DA:31,0
DA:57,0
DA:58,0
DA:59,0
DA:60,0
DA:62,0
DA:63,0
DA:64,0
DA:66,0
DA:68,0
DA:69,0
DA:71,0
DA:72,0
DA:73,0
DA:74,0
DA:75,0
DA:78,0
DA:79,0
DA:80,0
DA:81,0
DA:83,0
DA:85,0
DA:87,0
DA:88,0
DA:90,0
DA:92,0
DA:93,0
DA:94,0
DA:95,0
DA:98,0
DA:99,0
DA:100,0
DA:101,0
DA:103,0
DA:105,0
DA:106,0
DA:107,0
DA:109,0
DA:110,0
DA:111,0
DA:113,0
DA:114,0
DA:116,0
DA:117,0
DA:118,0
DA:119,0
DA:120,0
DA:121,0
DA:124,0
DA:125,0
DA:130,0
DA:145,0
DA:146,0
DA:147,0
DA:151,0
DA:152,0
DA:154,0
DA:155,0
DA:160,0
LF:76
LH:0
BRDA:8,0,0,0
BRDA:8,0,1,0
BRDA:60,1,0,0
BRDA:60,1,1,0
BRDA:63,2,0,0
BRDA:63,2,1,0
BRDA:81,3,0,0
BRDA:81,3,1,0
BRDA:107,4,0,0
BRDA:107,4,1,0
BRDA:124,5,0,0
BRDA:124,5,1,0
BRDA:151,6,0,0
BRDA:151,6,1,0
BRF:14
BRH:0
end_of_record
TN:
SF:scripts\dbapi.js
FN:1,Get
FN:11,(anonymous_1)
FNF:2
FNH:2
FNDA:9,Get
FNDA:48,(anonymous_1)
DA:2,9
DA:3,9
DA:4,9
DA:5,9
DA:8,3
DA:10,3
DA:11,3
DA:12,48
DA:15,3
LF:9
LH:9
BRF:0
BRH:0
end_of_record
TN:
SF:scripts\products.js
FN:10,(anonymous_0)
FN:11,(anonymous_1)
FN:12,(anonymous_2)
FN:13,(anonymous_3)
FN:14,(anonymous_4)
FN:15,(anonymous_5)
FNF:6
FNH:6
FNDA:4,(anonymous_0)
FNDA:4,(anonymous_1)
FNDA:4,(anonymous_2)
FNDA:4,(anonymous_3)
FNDA:4,(anonymous_4)
FNDA:4,(anonymous_5)
DA:3,1
DA:4,1
DA:5,1
DA:6,1
DA:7,1
DA:8,1
DA:10,4
DA:11,4
DA:12,4
DA:13,4
DA:14,4
DA:15,4
LF:12
LH:12
BRF:0
BRH:0
end_of_record
